<?xml version="1.0" encoding="UTF-8"?>
<!-- Generated by org.testng.reporters.JUnitReportReporter -->
<testsuite skipped="0" hostname="5CG73949C3" name="demojenkins.demojenkinsjobs" tests="1" failures="0" timestamp="23 Jan 2018 20:16:08 GMT" time="0.000" errors="0">
  <testcase name="testJenkins" time="0.000" classname="demojenkins.demojenkinsjobs"/>
</testsuite> <!-- demojenkins.demojenkinsjobs -->
